This is pdfTeX, Version 3.14159265-2.6-1.40.20 (TeX Live 2019/Debian) (preloaded format=latex 2021.11.28)  28 NOV 2021 14:29
entering extended mode
 restricted \write18 enabled.
 %&-line parsing enabled.
**nagyHF
(./doxygen/Doxyfile
LaTeX2e <2020-02-02> patch level 2
L3 programming layer <2020-02-14>
! You can't use `macro parameter character #' in vertical mode.
l.1 #
      Doxyfile 1.8.17
? 

! LaTeX Error: Missing \begin{document}.

See the LaTeX manual or LaTeX Companion for explanation.
Type  H <return>  for immediate help.
 ...                                              
                                                  
l.1 # D
       oxyfile 1.8.17
? 
! Emergency stop.
 ...                                              
                                                  
l.1 # D
       oxyfile 1.8.17
You're in trouble here.  Try typing  <return>  to proceed.
If that doesn't work, type  X <return>  to quit.

 
Here is how much of TeX's memory you used:
 20 strings out of 483184
 556 string characters out of 5966317
 231599 words of memory out of 5000000
 15133 multiletter control sequences out of 15000+600000
 532338 words of font info for 24 fonts, out of 8000000 for 9000
 14 hyphenation exceptions out of 8191
 12i,0n,15p,55b,14s stack positions out of 5000i,500n,10000p,200000b,80000s
No pages of output.
